-------------------------------------------------------------------------------
Test set: gateway.ApplicationTest
-------------------------------------------------------------------------------
Tests run: 1, Failures: 0, Errors: 1, Skipped: 0, Time elapsed: 0.415 s <<< FAILURE! - in gateway.ApplicationTest
initializationError(gateway.ApplicationTest)  Time elapsed: 0.012 s  <<< ERROR!
java.lang.Exception: No runnable methods

